[2020-12-20T09:02:03.290] [INFO] data-received - [
  { location: [ 108.311733, 15.859838 ] },
  { location: [ 108.310924, 15.858415 ], bearing: 29 },
  { location: [ 108.3109, 15.857851 ], bearing: 354 },
  { location: [ 108.308794, 15.857156 ], bearing: 66 },
  { location: [ 108.307449, 15.856733 ], bearing: 75 },
  { location: [ 108.305392, 15.856234 ], bearing: 83 },
  { location: [ 108.305143, 15.855254 ], bearing: 20 },
  { location: [ 108.304019, 15.855679 ], bearing: 109 },
  { location: [ 108.304007, 15.856994 ], bearing: 179 },
  { location: [ 108.303998, 15.857347 ], bearing: 179 },
  { location: [ 108.303961, 15.857858 ], bearing: 169 },
  { location: [ 108.303825, 15.858617 ], bearing: 176 },
  { location: [ 108.303777, 15.859219 ], bearing: 176 },
  { location: [ 108.303768, 15.859326 ], bearing: 175 },
  { location: [ 108.303737, 15.859712 ], bearing: 176 },
  { location: [ 108.302735, 15.860612 ], bearing: 146 }
]
[2020-12-20T09:02:03.466] [INFO] data-send - []
[2020-12-20T09:02:05.262] [INFO] data-received - [
  { location: [ 108.311733, 15.859838 ] },
  { location: [ 108.311729, 15.862325 ], bearing: 173 },
  { location: [ 108.311489, 15.864657 ], bearing: 195 },
  { location: [ 108.311925, 15.86527 ], bearing: 214 },
  { location: [ 108.310238, 15.86573 ], bearing: 106 },
  { location: [ 108.309351, 15.865956 ], bearing: 105 },
  { location: [ 108.30948, 15.866525 ], bearing: 192 },
  { location: [ 108.309767, 15.867919 ], bearing: 192 },
  { location: [ 108.310528, 15.867677 ], bearing: 288 },
  { location: [ 108.310996, 15.867408 ], bearing: 296 },
  { location: [ 108.311604, 15.867321 ], bearing: 278 },
  { location: [ 108.313269, 15.867278 ], bearing: 269 },
  { location: [ 108.314283, 15.867353 ], bearing: 266 },
  { location: [ 108.314901, 15.867356 ], bearing: 270 },
  { location: [ 108.315742, 15.867411 ], bearing: 266 },
  { location: [ 108.315911, 15.867424 ], bearing: 265 },
  { location: [ 108.316398, 15.867451 ], bearing: 267 },
  { location: [ 108.318162, 15.867481 ], bearing: 270 },
  { location: [ 108.318232, 15.869101 ], bearing: 214 },
  { location: [ 108.318481, 15.869519 ], bearing: 205 },
  { location: [ 108.318063, 15.869667 ], bearing: 110 }
]
[2020-12-20T09:02:05.332] [INFO] data-send - []
[2020-12-20T09:02:07.304] [INFO] data-received - [
  { location: [ 108.311733, 15.859838 ] },
  { location: [ 108.311729, 15.862325 ], bearing: 173 },
  { location: [ 108.311489, 15.864657 ], bearing: 195 },
  { location: [ 108.311925, 15.86527 ], bearing: 214 },
  { location: [ 108.310238, 15.86573 ], bearing: 106 },
  { location: [ 108.309351, 15.865956 ], bearing: 105 },
  { location: [ 108.30948, 15.866525 ], bearing: 192 },
  { location: [ 108.309767, 15.867919 ], bearing: 192 },
  { location: [ 108.310528, 15.867677 ], bearing: 288 },
  { location: [ 108.310996, 15.867408 ], bearing: 296 },
  { location: [ 108.311604, 15.867321 ], bearing: 278 },
  { location: [ 108.313269, 15.867278 ], bearing: 269 },
  { location: [ 108.314283, 15.867353 ], bearing: 266 },
  { location: [ 108.314901, 15.867356 ], bearing: 270 },
  { location: [ 108.315742, 15.867411 ], bearing: 266 },
  { location: [ 108.315911, 15.867424 ], bearing: 265 },
  { location: [ 108.316398, 15.867451 ], bearing: 267 },
  { location: [ 108.318162, 15.867481 ], bearing: 270 },
  { location: [ 108.319364, 15.867424 ], bearing: 274 },
  { location: [ 108.319617, 15.867405 ], bearing: 274 },
  { location: [ 108.320408, 15.867459 ], bearing: 270 },
  { location: [ 108.321113, 15.867397 ], bearing: 275 },
  { location: [ 108.321136, 15.867395 ], bearing: 357 },
  { location: [ 108.321182, 15.866626 ], bearing: 357 },
  { location: [ 108.321796, 15.866359 ], bearing: 272 },
  { location: [ 108.322069, 15.866361 ], bearing: 270 },
  { location: [ 108.322465, 15.86639 ], bearing: 269 },
  { location: [ 108.323002, 15.863911 ], bearing: 330 },
  { location: [ 108.323173, 15.863899 ], bearing: 282 },
  { location: [ 108.324203, 15.864343 ], bearing: 270 },
  { location: [ 108.324273, 15.864583 ], bearing: 196 },
  { location: [ 108.324234, 15.865102 ], bearing: 187 },
  { location: [ 108.324621, 15.865489 ], bearing: 262 }
]
[2020-12-20T09:02:07.445] [INFO] data-send - []
[2020-12-20T09:02:59.669] [INFO] data-received - [
  { location: [ 108.311733, 15.859838 ] },
  { location: [ 108.310924, 15.858415 ], bearing: 29 },
  { location: [ 108.3109, 15.857851 ], bearing: 354 },
  { location: [ 108.310858, 15.85537 ], bearing: 353 },
  { location: [ 108.310891, 15.855096 ], bearing: 353 },
  { location: [ 108.310175, 15.855079 ], bearing: 89 },
  { location: [ 108.309115, 15.855126 ], bearing: 89 },
  { location: [ 108.309096, 15.855126 ], bearing: 95 },
  { location: [ 108.308082, 15.855116 ], bearing: 77 },
  { location: [ 108.308194, 15.852441 ], bearing: 356 },
  { location: [ 108.308158, 15.851385 ], bearing: 2 },
  { location: [ 108.308156, 15.851317 ], bearing: 2 },
  { location: [ 108.308145, 15.850097 ], bearing: 0 },
  { location: [ 108.317011, 15.85137 ], bearing: 262 },
  { location: [ 108.317657, 15.851288 ], bearing: 296 },
  { location: [ 108.317956, 15.852969 ], bearing: 225 },
  { location: [ 108.319181, 15.853723 ], bearing: 215 },
  { location: [ 108.320447, 15.855441 ], bearing: 215 },
  { location: [ 108.321395, 15.856676 ], bearing: 242 },
  { location: [ 108.322147, 15.856449 ], bearing: 293 },
  { location: [ 108.322516, 15.8578 ], bearing: 198 },
  { location: [ 108.324194, 15.858157 ], bearing: 231 },
  { location: [ 108.325678, 15.859249 ], bearing: 248 },
  { location: [ 108.326462, 15.859618 ], bearing: 251 },
  { location: [ 108.327901, 15.860033 ], bearing: 246 },
  { location: [ 108.329165, 15.859432 ], bearing: 266 },
  { location: [ 108.329413, 15.858503 ], bearing: 345 }
]
[2020-12-20T09:02:59.795] [INFO] data-send - []
[2020-12-20T11:23:15.371] [INFO] data-received - [
  { location: [ 108.288226, 15.884142 ] },
  { location: [ 108.288056, 15.883968 ], bearing: 42 },
  { location: [ 108.287909, 15.883808 ], bearing: 43 },
  { location: [ 108.287801, 15.883715 ], bearing: 48 },
  { location: [ 108.287612, 15.883613 ], bearing: 62 },
  { location: [ 108.287926, 15.883194 ], bearing: 332 },
  { location: [ 108.28753, 15.882186 ], bearing: 38 },
  { location: [ 108.287497, 15.882145 ], bearing: 38 },
  { location: [ 108.287104, 15.881653 ], bearing: 38 },
  { location: [ 108.286781, 15.881249 ], bearing: 38 },
  { location: [ 108.286255, 15.880153 ], bearing: 10 },
  { location: [ 108.285666, 15.879819 ], bearing: 59 },
  { location: [ 108.285248, 15.87958 ], bearing: 59 },
  { location: [ 108.284707, 15.879271 ], bearing: 59 },
  { location: [ 108.283365, 15.878753 ], bearing: 70 },
  { location: [ 108.283308, 15.878731 ], bearing: 68 },
  { location: [ 108.282739, 15.878515 ], bearing: 68 },
  { location: [ 108.282018, 15.878451 ], bearing: 85 },
  { location: [ 108.281366, 15.878392 ], bearing: 85 },
  { location: [ 108.280215, 15.87829 ], bearing: 85 },
  { location: [ 108.279116, 15.877972 ], bearing: 64 },
  { location: [ 108.279375, 15.879242 ], bearing: 194 }
]
[2020-12-20T11:23:15.582] [INFO] data-send - []
[2020-12-20T11:23:16.464] [INFO] data-received - [
  { location: [ 108.288257, 15.884171 ] },
  { location: [ 108.288056, 15.883968 ], bearing: 42 },
  { location: [ 108.287909, 15.883808 ], bearing: 43 },
  { location: [ 108.287801, 15.883715 ], bearing: 48 },
  { location: [ 108.287612, 15.883613 ], bearing: 62 },
  { location: [ 108.287926, 15.883194 ], bearing: 332 },
  { location: [ 108.28753, 15.882186 ], bearing: 38 },
  { location: [ 108.287497, 15.882145 ], bearing: 38 },
  { location: [ 108.287104, 15.881653 ], bearing: 38 },
  { location: [ 108.286781, 15.881249 ], bearing: 38 },
  { location: [ 108.286255, 15.880153 ], bearing: 10 },
  { location: [ 108.285666, 15.879819 ], bearing: 59 },
  { location: [ 108.285248, 15.87958 ], bearing: 59 },
  { location: [ 108.284707, 15.879271 ], bearing: 59 },
  { location: [ 108.283365, 15.878753 ], bearing: 70 },
  { location: [ 108.283308, 15.878731 ], bearing: 68 },
  { location: [ 108.282739, 15.878515 ], bearing: 68 },
  { location: [ 108.282018, 15.878451 ], bearing: 85 },
  { location: [ 108.281366, 15.878392 ], bearing: 85 },
  { location: [ 108.280215, 15.87829 ], bearing: 85 },
  { location: [ 108.279116, 15.877972 ], bearing: 64 },
  { location: [ 108.278466, 15.877727 ], bearing: 76 },
  { location: [ 108.278178, 15.877657 ], bearing: 76 },
  { location: [ 108.276621, 15.877329 ], bearing: 78 },
  { location: [ 108.274094, 15.876953 ], bearing: 83 },
  { location: [ 108.272419, 15.876302 ], bearing: 47 },
  { location: [ 108.272213, 15.876078 ], bearing: 41 },
  { location: [ 108.271817, 15.875465 ], bearing: 13 },
  { location: [ 108.271495, 15.874715 ], bearing: 22 },
  { location: [ 108.271491, 15.874706 ], bearing: 21 },
  { location: [ 108.270708, 15.873645 ], bearing: 50 },
  { location: [ 108.270664, 15.873611 ], bearing: 51 },
  { location: [ 108.269561, 15.873361 ], bearing: 71 },
  { location: [ 108.269168, 15.873085 ], bearing: 53 },
  { location: [ 108.268748, 15.872782 ], bearing: 53 },
  { location: [ 108.268542, 15.872633 ], bearing: 53 },
  { location: [ 108.268439, 15.872559 ], bearing: 53 },
  { location: [ 108.268307, 15.872475 ], bearing: 57 },
  { location: [ 108.267711, 15.871934 ], bearing: 36 },
  { location: [ 108.267037, 15.870934 ], bearing: 29 },
  { location: [ 108.267018, 15.870891 ], bearing: 23 },
  { location: [ 108.265612, 15.870315 ], bearing: 71 }
]
[2020-12-20T11:23:16.617] [INFO] data-send - []
[2020-12-20T11:33:33.926] [INFO] data-received - [
  { location: [ 108.256811, 15.896154 ] },
  { location: [ 108.256644, 15.896402 ], bearing: 147 },
  { location: [ 108.256215, 15.894866 ], bearing: 9 },
  { location: [ 108.255988, 15.893548 ], bearing: 9 },
  { location: [ 108.255513, 15.893591 ], bearing: 95 },
  { location: [ 108.254253, 15.893714 ], bearing: 96 },
  { location: [ 108.254178, 15.893242 ], bearing: 9 },
  { location: [ 108.254158, 15.893119 ], bearing: 9 },
  { location: [ 108.251714, 15.893675 ], bearing: 111 },
  { location: [ 108.25173, 15.893811 ], bearing: 186 },
  { location: [ 108.251869, 15.895129 ], bearing: 186 },
  { location: [ 108.251928, 15.895693 ], bearing: 186 },
  { location: [ 108.251963, 15.895959 ], bearing: 187 },
  { location: [ 108.252128, 15.897586 ], bearing: 186 },
  { location: [ 108.253281, 15.897439 ], bearing: 278 }
]
[2020-12-20T11:33:33.960] [INFO] data-send - []
[2020-12-20T11:33:36.330] [INFO] data-received - [
  { location: [ 108.256811, 15.896154 ] },
  { location: [ 108.256644, 15.896402 ], bearing: 147 },
  { location: [ 108.256215, 15.894866 ], bearing: 9 },
  { location: [ 108.255988, 15.893548 ], bearing: 9 },
  { location: [ 108.255513, 15.893591 ], bearing: 95 },
  { location: [ 108.254253, 15.893714 ], bearing: 96 },
  { location: [ 108.254178, 15.893242 ], bearing: 9 },
  { location: [ 108.254158, 15.893119 ], bearing: 9 },
  { location: [ 108.251714, 15.893675 ], bearing: 111 },
  { location: [ 108.25173, 15.893811 ], bearing: 186 },
  { location: [ 108.251869, 15.895129 ], bearing: 186 },
  { location: [ 108.251928, 15.895693 ], bearing: 186 },
  { location: [ 108.251963, 15.895959 ], bearing: 187 },
  { location: [ 108.252128, 15.897586 ], bearing: 186 },
  { location: [ 108.253486, 15.897411 ], bearing: 278 }
]
[2020-12-20T11:33:36.352] [INFO] data-send - []
[2020-12-20T11:33:39.878] [INFO] data-received - [
  { location: [ 108.256811, 15.896154 ] },
  { location: [ 108.256644, 15.896402 ], bearing: 147 },
  { location: [ 108.256215, 15.894866 ], bearing: 9 },
  { location: [ 108.255988, 15.893548 ], bearing: 9 },
  { location: [ 108.255513, 15.893591 ], bearing: 95 },
  { location: [ 108.254253, 15.893714 ], bearing: 96 },
  { location: [ 108.254178, 15.893242 ], bearing: 9 },
  { location: [ 108.254158, 15.893119 ], bearing: 9 },
  { location: [ 108.251714, 15.893675 ], bearing: 111 },
  { location: [ 108.25173, 15.893811 ], bearing: 186 },
  { location: [ 108.251869, 15.895129 ], bearing: 186 },
  { location: [ 108.251928, 15.895693 ], bearing: 186 },
  { location: [ 108.251963, 15.895959 ], bearing: 187 },
  { location: [ 108.252128, 15.897586 ], bearing: 186 },
  { location: [ 108.255558, 15.897454 ], bearing: 224 },
  { location: [ 108.255684, 15.897574 ], bearing: 225 },
  { location: [ 108.261012, 15.898327 ], bearing: 269 }
]
[2020-12-20T11:33:39.917] [INFO] data-send - []
[2020-12-20T11:33:57.213] [INFO] data-received - [
  { location: [ 108.255714, 15.897436 ] },
  { location: [ 108.248992, 15.901238 ], bearing: 113 },
  { location: [ 108.246805, 15.902159 ], bearing: 114 },
  { location: [ 108.241976, 15.904613 ], bearing: 131 },
  { location: [ 108.241127, 15.905521 ], bearing: 142 },
  { location: [ 108.241011, 15.905662 ], bearing: 142 },
  { location: [ 108.240792, 15.905933 ], bearing: 142 },
  { location: [ 108.240852, 15.905679 ], bearing: 343 },
  { location: [ 108.241235, 15.904888 ], bearing: 334 },
  { location: [ 108.242034, 15.903172 ], bearing: 336 },
  { location: [ 108.242475, 15.902244 ], bearing: 335 },
  { location: [ 108.242982, 15.90117 ], bearing: 336 },
  { location: [ 108.243447, 15.900243 ], bearing: 335 },
  { location: [ 108.24408, 15.898967 ], bearing: 334 },
  { location: [ 108.244372, 15.898403 ], bearing: 334 },
  { location: [ 108.244601, 15.897947 ], bearing: 334 },
  { location: [ 108.244671, 15.897961 ], bearing: 258 },
  { location: [ 108.245926, 15.898165 ], bearing: 253 },
  { location: [ 108.247829, 15.898275 ], bearing: 271 },
  { location: [ 108.247597, 15.897644 ], bearing: 92 }
]
[2020-12-20T11:33:57.248] [INFO] data-send - []
[2020-12-20T11:34:05.689] [INFO] data-received - [
  { location: [ 108.304325, 15.88742 ] },
  { location: [ 108.303536, 15.887944 ], bearing: 124 },
  { location: [ 108.302562, 15.88862 ], bearing: 126 },
  { location: [ 108.301645, 15.887488 ], bearing: 38 },
  { location: [ 108.301599, 15.887432 ], bearing: 38 },
  { location: [ 108.301099, 15.886817 ], bearing: 38 },
  { location: [ 108.299467, 15.884812 ], bearing: 38 },
  { location: [ 108.299236, 15.884527 ], bearing: 38 }
]
[2020-12-20T11:34:05.705] [INFO] data-send - []
[2020-12-20T11:34:08.659] [INFO] data-received - [
  { location: [ 108.304325, 15.88742 ] },
  { location: [ 108.305788, 15.886414 ], bearing: 306 },
  { location: [ 108.306078, 15.886212 ], bearing: 306 },
  { location: [ 108.307549, 15.88518 ], bearing: 308 },
  { location: [ 108.30976, 15.887355 ], bearing: 235 },
  { location: [ 108.30992, 15.887462 ], bearing: 235 },
  { location: [ 108.31003, 15.887536 ], bearing: 235 },
  { location: [ 108.31256, 15.889425 ], bearing: 228 },
  { location: [ 108.312951, 15.889789 ], bearing: 222 },
  { location: [ 108.313881, 15.89106 ], bearing: 213 },
  { location: [ 108.313283, 15.891366 ], bearing: 118 },
  { location: [ 108.309161, 15.893504 ], bearing: 118 },
  { location: [ 108.307494, 15.894381 ], bearing: 118 },
  { location: [ 108.307464, 15.894397 ], bearing: 119 },
  { location: [ 108.306531, 15.894857 ], bearing: 117 },
  { location: [ 108.306194, 15.895053 ], bearing: 121 },
  { location: [ 108.304565, 15.895914 ], bearing: 119 },
  { location: [ 108.305873, 15.898099 ], bearing: 209 },
  { location: [ 108.306117, 15.898468 ], bearing: 217 },
  { location: [ 108.30548, 15.898859 ], bearing: 123 }
]
[2020-12-20T11:34:08.821] [INFO] data-send - [
  {
    _id: 5fcc46b1605bf41a7c0177f9,
    index: 2,
    intersectionId: 5fcc46b1605bf41a7c0177f3,
    location: {
      coordinates: [Array],
      _id: 5fcc46b1605bf41a7c0177fa,
      type: 'Point'
    },
    bearing: 213
  }
]
[2020-12-20T11:34:42.279] [INFO] data-received - [
  { location: [ 108.255714, 15.897436 ] },
  { location: [ 108.256644, 15.896402 ], bearing: 320 },
  { location: [ 108.256215, 15.894866 ], bearing: 9 },
  { location: [ 108.255988, 15.893548 ], bearing: 9 },
  { location: [ 108.255946, 15.893316 ], bearing: 10 },
  { location: [ 108.255826, 15.892651 ], bearing: 10 },
  { location: [ 108.255755, 15.891852 ], bearing: 0 },
  { location: [ 108.255454, 15.891842 ], bearing: 85 },
  { location: [ 108.254033, 15.891236 ], bearing: 66 },
  { location: [ 108.253779, 15.891126 ], bearing: 66 }
]
[2020-12-20T11:34:42.310] [INFO] data-send - []
[2020-12-21T21:50:01.407] [INFO] data-received - [
  { location: [ 108.302391, 15.884775 ] },
  { location: [ 108.303744, 15.883769 ], bearing: 306 },
  { location: [ 108.304826, 15.885146 ], bearing: 214 },
  { location: [ 108.304976, 15.885333 ], bearing: 218 },
  { location: [ 108.305788, 15.886414 ], bearing: 216 },
  { location: [ 108.306078, 15.886212 ], bearing: 306 },
  { location: [ 108.307549, 15.88518 ], bearing: 308 },
  { location: [ 108.30976, 15.887355 ], bearing: 235 },
  { location: [ 108.30992, 15.887462 ], bearing: 235 },
  { location: [ 108.31003, 15.887536 ], bearing: 235 },
  { location: [ 108.31256, 15.889425 ], bearing: 228 },
  { location: [ 108.312951, 15.889789 ], bearing: 222 },
  { location: [ 108.313881, 15.89106 ], bearing: 213 },
  { location: [ 108.315433, 15.890188 ], bearing: 299 },
  { location: [ 108.315606, 15.890072 ], bearing: 305 },
  { location: [ 108.316537, 15.888776 ], bearing: 321 },
  { location: [ 108.317261, 15.888128 ], bearing: 311 },
  { location: [ 108.31799, 15.887611 ], bearing: 303 },
  { location: [ 108.318712, 15.887222 ], bearing: 299 },
  { location: [ 108.318226, 15.886017 ], bearing: 34 },
  { location: [ 108.319193, 15.885668 ], bearing: 295 }
]
[2020-12-21T21:50:01.848] [INFO] data-send - [
  {
    _id: 5fcc46b1605bf41a7c0177f9,
    index: 2,
    intersectionId: 5fcc46b1605bf41a7c0177f3,
    location: {
      coordinates: [Array],
      _id: 5fcc46b1605bf41a7c0177fa,
      type: 'Point'
    },
    bearing: 213
  }
]
[2020-12-21T21:50:05.170] [INFO] data-received - [
  { location: [ 108.302386, 15.884779 ] },
  { location: [ 108.303744, 15.883769 ], bearing: 306 },
  { location: [ 108.304826, 15.885146 ], bearing: 214 },
  { location: [ 108.304976, 15.885333 ], bearing: 218 },
  { location: [ 108.305788, 15.886414 ], bearing: 216 },
  { location: [ 108.306078, 15.886212 ], bearing: 306 },
  { location: [ 108.307549, 15.88518 ], bearing: 308 },
  { location: [ 108.30976, 15.887355 ], bearing: 235 },
  { location: [ 108.30992, 15.887462 ], bearing: 235 },
  { location: [ 108.31003, 15.887536 ], bearing: 235 },
  { location: [ 108.31256, 15.889425 ], bearing: 228 },
  { location: [ 108.312951, 15.889789 ], bearing: 222 },
  { location: [ 108.313881, 15.89106 ], bearing: 213 },
  { location: [ 108.315433, 15.890188 ], bearing: 299 },
  { location: [ 108.315606, 15.890072 ], bearing: 305 },
  { location: [ 108.316537, 15.888776 ], bearing: 321 },
  { location: [ 108.317261, 15.888128 ], bearing: 311 },
  { location: [ 108.31799, 15.887611 ], bearing: 303 },
  { location: [ 108.318712, 15.887222 ], bearing: 299 },
  { location: [ 108.318868, 15.887149 ], bearing: 296 },
  { location: [ 108.319484, 15.886861 ], bearing: 296 },
  { location: [ 108.320803, 15.88624 ], bearing: 295 },
  { location: [ 108.321143, 15.886094 ], bearing: 294 },
  { location: [ 108.321165, 15.886086 ], bearing: 291 },
  { location: [ 108.321231, 15.886062 ], bearing: 291 },
  { location: [ 108.321644, 15.885914 ], bearing: 290 },
  { location: [ 108.322047, 15.885778 ], bearing: 288 },
  { location: [ 108.322421, 15.885665 ], bearing: 287 },
  { location: [ 108.322655, 15.885594 ], bearing: 288 },
  { location: [ 108.323363, 15.885299 ], bearing: 293 },
  { location: [ 108.323934, 15.885079 ], bearing: 292 },
  { location: [ 108.32449, 15.884864 ], bearing: 292 },
  { location: [ 108.325088, 15.884576 ], bearing: 297 },
  { location: [ 108.32565, 15.884295 ], bearing: 299 },
  { location: [ 108.326195, 15.883973 ], bearing: 302 },
  { location: [ 108.326231, 15.883958 ], bearing: 293 },
  { location: [ 108.326881, 15.883696 ], bearing: 293 },
  { location: [ 108.327067, 15.883618 ], bearing: 294 },
  { location: [ 108.327534, 15.883473 ], bearing: 288 },
  { location: [ 108.328224, 15.883272 ], bearing: 286 },
  { location: [ 108.329115, 15.883042 ], bearing: 285 },
  { location: [ 108.329735, 15.882841 ], bearing: 289 },
  { location: [ 108.330427, 15.882622 ], bearing: 288 },
  { location: [ 108.331151, 15.882402 ], bearing: 288 },
  { location: [ 108.331851, 15.88218 ], bearing: 288 },
  { location: [ 108.331916, 15.88216 ], bearing: 288 },
  { location: [ 108.332522, 15.881967 ], bearing: 288 },
  { location: [ 108.332819, 15.881862 ], bearing: 290 },
  { location: [ 108.333605, 15.881584 ], bearing: 290 },
  { location: [ 108.334107, 15.881406 ], bearing: 290 },
  { location: [ 108.334702, 15.881182 ], bearing: 294 },
  { location: [ 108.335234, 15.880997 ], bearing: 290 },
  { location: [ 108.335371, 15.879137 ], bearing: 353 },
  { location: [ 108.33553, 15.878111 ], bearing: 352 },
  { location: [ 108.335612, 15.87746 ], bearing: 353 },
  { location: [ 108.337315, 15.877448 ], bearing: 296 }
]
[2020-12-21T21:50:05.426] [INFO] data-send - [
  {
    _id: 5fcc46b1605bf41a7c0177f9,
    index: 2,
    intersectionId: 5fcc46b1605bf41a7c0177f3,
    location: {
      coordinates: [Array],
      _id: 5fcc46b1605bf41a7c0177fa,
      type: 'Point'
    },
    bearing: 213
  }
]
[2020-12-21T21:53:33.104] [INFO] data-received - [
  { location: [ 108.25977, 15.89044 ] },
  { location: [ 108.256644, 15.896402 ], bearing: 147 },
  { location: [ 108.256215, 15.894866 ], bearing: 9 },
  { location: [ 108.255988, 15.893548 ], bearing: 9 },
  { location: [ 108.255946, 15.893316 ], bearing: 10 },
  { location: [ 108.255826, 15.892651 ], bearing: 10 },
  { location: [ 108.255755, 15.891852 ], bearing: 0 },
  { location: [ 108.257136, 15.889826 ], bearing: 331 },
  { location: [ 108.257168, 15.889756 ], bearing: 336 },
  { location: [ 108.258132, 15.889585 ], bearing: 268 },
  { location: [ 108.259185, 15.889618 ], bearing: 268 },
  { location: [ 108.260467, 15.889663 ], bearing: 268 },
  { location: [ 108.261715, 15.889718 ], bearing: 267 },
  { location: [ 108.262149, 15.889735 ], bearing: 268 },
  { location: [ 108.262812, 15.889761 ], bearing: 268 },
  { location: [ 108.263483, 15.889791 ], bearing: 267 },
  { location: [ 108.264134, 15.889813 ], bearing: 268 },
  { location: [ 108.265273, 15.889858 ], bearing: 268 },
  { location: [ 108.265329, 15.88986 ], bearing: 268 },
  { location: [ 108.266887, 15.889922 ], bearing: 268 },
  { location: [ 108.267303, 15.889938 ], bearing: 268 },
  { location: [ 108.272758, 15.890187 ], bearing: 267 },
  { location: [ 108.283725, 15.889374 ], bearing: 266 },
  { location: [ 108.284147, 15.889376 ], bearing: 270 },
  { location: [ 108.284675, 15.889317 ], bearing: 278 },
  { location: [ 108.28481, 15.8893 ], bearing: 277 },
  { location: [ 108.287458, 15.888731 ], bearing: 284 },
  { location: [ 108.289276, 15.887917 ], bearing: 320 },
  { location: [ 108.289587, 15.888274 ], bearing: 220 }
]
[2020-12-21T21:53:33.165] [INFO] data-send - []
[2020-12-21T21:58:42.190] [INFO] data-received - [
  { location: [ 108.33547, 15.873439 ] },
  { location: [ 108.334419, 15.873598 ], bearing: 100 },
  { location: [ 108.333843, 15.873673 ], bearing: 95 },
  { location: [ 108.333025, 15.873849 ], bearing: 110 },
  { location: [ 108.333256, 15.874677 ], bearing: 195 },
  { location: [ 108.333084, 15.876261 ], bearing: 174 },
  { location: [ 108.332994, 15.876661 ], bearing: 168 },
  { location: [ 108.333474, 15.876797 ], bearing: 254 },
  { location: [ 108.333343, 15.877345 ], bearing: 167 },
  { location: [ 108.333262, 15.877723 ], bearing: 168 },
  { location: [ 108.332635, 15.877655 ], bearing: 84 },
  { location: [ 108.332449, 15.878258 ], bearing: 163 },
  { location: [ 108.332398, 15.87842 ], bearing: 163 },
  { location: [ 108.332005, 15.879653 ], bearing: 163 },
  { location: [ 108.332235, 15.881113 ], bearing: 189 },
  { location: [ 108.331179, 15.881081 ], bearing: 88 },
  { location: [ 108.329251, 15.881321 ], bearing: 111 },
  { location: [ 108.329403, 15.8817 ], bearing: 201 }
]
[2020-12-21T21:58:42.236] [INFO] data-send - []
[2021-01-12T23:12:36.840] [INFO] data-received - [
  { location: [ 108.30687, 15.884433 ] },
  { location: [ 108.307549, 15.88518 ], bearing: 221 },
  { location: [ 108.30976, 15.887355 ], bearing: 235 },
  { location: [ 108.30992, 15.887462 ], bearing: 235 },
  { location: [ 108.31003, 15.887536 ], bearing: 235 },
  { location: [ 108.31256, 15.889425 ], bearing: 228 },
  { location: [ 108.312951, 15.889789 ], bearing: 222 },
  { location: [ 108.313881, 15.89106 ], bearing: 213 },
  { location: [ 108.314817, 15.892653 ], bearing: 209 },
  { location: [ 108.315985, 15.89485 ], bearing: 207 },
  { location: [ 108.316312, 15.895408 ], bearing: 209 },
  { location: [ 108.316429, 15.89558 ], bearing: 213 },
  { location: [ 108.316544, 15.895747 ], bearing: 214 },
  { location: [ 108.316974, 15.896379 ], bearing: 213 }
]
[2021-01-12T23:12:37.383] [INFO] data-send - [
  {
    _id: 5fcc46b1605bf41a7c0177f9,
    index: 2,
    intersectionId: 5fcc46b1605bf41a7c0177f3,
    location: {
      coordinates: [Array],
      _id: 5fcc46b1605bf41a7c0177fa,
      type: 'Point'
    },
    bearing: 213
  }
]
[2021-01-12T23:18:16.279] [INFO] data-received - [
  { location: [ 108.306729, 15.884272 ] },
  { location: [ 108.307549, 15.88518 ], bearing: 221 },
  { location: [ 108.30976, 15.887355 ], bearing: 235 },
  { location: [ 108.30992, 15.887462 ], bearing: 235 },
  { location: [ 108.31003, 15.887536 ], bearing: 235 },
  { location: [ 108.31256, 15.889425 ], bearing: 228 },
  { location: [ 108.312951, 15.889789 ], bearing: 222 },
  { location: [ 108.313881, 15.89106 ], bearing: 213 },
  { location: [ 108.314817, 15.892653 ], bearing: 209 },
  { location: [ 108.315985, 15.89485 ], bearing: 207 },
  { location: [ 108.316312, 15.895408 ], bearing: 209 },
  { location: [ 108.316421, 15.895346 ], bearing: 301 }
]
[2021-01-12T23:18:16.331] [INFO] data-send - [
  {
    _id: 5fcc46b1605bf41a7c0177f9,
    index: 2,
    intersectionId: 5fcc46b1605bf41a7c0177f3,
    location: {
      coordinates: [Array],
      _id: 5fcc46b1605bf41a7c0177fa,
      type: 'Point'
    },
    bearing: 213
  }
]
[2021-01-12T23:26:11.982] [INFO] data-received - [
  { location: [ 108.306998, 15.884573 ] },
  { location: [ 108.307549, 15.88518 ], bearing: 221 },
  { location: [ 108.30976, 15.887355 ], bearing: 235 },
  { location: [ 108.30992, 15.887462 ], bearing: 235 },
  { location: [ 108.31003, 15.887536 ], bearing: 235 },
  { location: [ 108.31256, 15.889425 ], bearing: 228 },
  { location: [ 108.312951, 15.889789 ], bearing: 222 },
  { location: [ 108.313881, 15.89106 ], bearing: 213 },
  { location: [ 108.314817, 15.892653 ], bearing: 209 },
  { location: [ 108.315985, 15.89485 ], bearing: 207 },
  { location: [ 108.316312, 15.895408 ], bearing: 209 },
  { location: [ 108.316429, 15.89558 ], bearing: 213 },
  { location: [ 108.316544, 15.895747 ], bearing: 214 },
  { location: [ 108.31721, 15.896708 ], bearing: 217 },
  { location: [ 108.317432, 15.897055 ], bearing: 212 },
  { location: [ 108.317924, 15.89778 ], bearing: 217 },
  { location: [ 108.318016, 15.897909 ], bearing: 214 }
]
[2021-01-12T23:26:12.246] [INFO] data-send - [
  {
    _id: 5fcc46b1605bf41a7c0177f9,
    index: 2,
    intersectionId: 5fcc46b1605bf41a7c0177f3,
    location: {
      coordinates: [Array],
      _id: 5fcc46b1605bf41a7c0177fa,
      type: 'Point'
    },
    bearing: 213
  }
]
[2021-01-12T23:28:50.585] [INFO] data-received - [
  { location: [ 108.306998, 15.884573 ] },
  { location: [ 108.307549, 15.88518 ], bearing: 221 },
  { location: [ 108.30976, 15.887355 ], bearing: 235 },
  { location: [ 108.30992, 15.887462 ], bearing: 235 },
  { location: [ 108.31003, 15.887536 ], bearing: 235 },
  { location: [ 108.31256, 15.889425 ], bearing: 228 },
  { location: [ 108.312951, 15.889789 ], bearing: 222 },
  { location: [ 108.313881, 15.89106 ], bearing: 213 },
  { location: [ 108.314817, 15.892653 ], bearing: 209 },
  { location: [ 108.315985, 15.89485 ], bearing: 207 },
  { location: [ 108.316312, 15.895408 ], bearing: 209 },
  { location: [ 108.316429, 15.89558 ], bearing: 213 },
  { location: [ 108.316544, 15.895747 ], bearing: 214 },
  { location: [ 108.31721, 15.896708 ], bearing: 217 },
  { location: [ 108.317432, 15.897055 ], bearing: 212 },
  { location: [ 108.317924, 15.89778 ], bearing: 217 },
  { location: [ 108.318823, 15.899043 ], bearing: 214 },
  { location: [ 108.319133, 15.899491 ], bearing: 214 },
  { location: [ 108.319712, 15.900594 ], bearing: 200 }
]
[2021-01-12T23:28:50.701] [INFO] data-send - [
  {
    _id: 5fcc46b1605bf41a7c0177f9,
    index: 2,
    intersectionId: 5fcc46b1605bf41a7c0177f3,
    location: {
      coordinates: [Array],
      _id: 5fcc46b1605bf41a7c0177fa,
      type: 'Point'
    },
    bearing: 213
  }
]
[2021-01-12T23:40:54.541] [INFO] data-received - [
  { location: [ 108.279413, 15.904079 ] },
  { location: [ 108.279077, 15.905271 ], bearing: 169 },
  { location: [ 108.280863, 15.904793 ], bearing: 286 },
  { location: [ 108.282101, 15.904455 ], bearing: 286 },
  { location: [ 108.283907, 15.903889 ], bearing: 295 },
  { location: [ 108.285439, 15.902478 ], bearing: 320 },
  { location: [ 108.288154, 15.901348 ], bearing: 286 },
  { location: [ 108.290669, 15.900657 ], bearing: 286 },
  { location: [ 108.293281, 15.899989 ], bearing: 271 },
  { location: [ 108.2935, 15.89994 ], bearing: 283 },
  { location: [ 108.296498, 15.900171 ], bearing: 302 },
  { location: [ 108.297698, 15.899537 ], bearing: 299 },
  { location: [ 108.297894, 15.899423 ], bearing: 301 },
  { location: [ 108.298919, 15.898876 ], bearing: 299 },
  { location: [ 108.299922, 15.898309 ], bearing: 300 },
  { location: [ 108.303492, 15.896476 ], bearing: 298 },
  { location: [ 108.304042, 15.89619 ], bearing: 298 },
  { location: [ 108.304565, 15.895914 ], bearing: 299 },
  { location: [ 108.306194, 15.895053 ], bearing: 299 },
  { location: [ 108.306531, 15.894857 ], bearing: 301 },
  { location: [ 108.307464, 15.894397 ], bearing: 297 },
  { location: [ 108.307494, 15.894381 ], bearing: 299 },
  { location: [ 108.309161, 15.893504 ], bearing: 299 },
  { location: [ 108.313283, 15.891366 ], bearing: 299 },
  { location: [ 108.313881, 15.89106 ], bearing: 298 },
  { location: [ 108.315433, 15.890188 ], bearing: 299 },
  { location: [ 108.315606, 15.890072 ], bearing: 305 },
  { location: [ 108.316537, 15.888776 ], bearing: 321 },
  { location: [ 108.317261, 15.888128 ], bearing: 311 },
  { location: [ 108.31799, 15.887611 ], bearing: 303 },
  { location: [ 108.318712, 15.887222 ], bearing: 299 },
  { location: [ 108.318868, 15.887149 ], bearing: 296 },
  { location: [ 108.319484, 15.886861 ], bearing: 296 },
  { location: [ 108.31979, 15.886718 ], bearing: 296 }
]
[2021-01-12T23:40:54.674] [INFO] data-send - [
  {
    _id: 5fcdc5b43f7d671b0008b90b,
    index: 3,
    intersectionId: 5fcdc5b43f7d671b0008b903,
    location: {
      coordinates: [Array],
      _id: 5fcdc5b43f7d671b0008b90c,
      type: 'Point'
    },
    bearing: 283
  },
  {
    _id: 5fcc46b1605bf41a7c0177fb,
    index: 3,
    intersectionId: 5fcc46b1605bf41a7c0177f3,
    location: {
      coordinates: [Array],
      _id: 5fcc46b1605bf41a7c0177fc,
      type: 'Point'
    },
    bearing: 298
  }
]
[2021-01-13T09:39:17.631] [INFO] data-received - [
  { location: [ 108.301298, 15.897602 ] },
  { location: [ 108.303492, 15.896476 ], bearing: 298 },
  { location: [ 108.304042, 15.89619 ], bearing: 298 },
  { location: [ 108.304565, 15.895914 ], bearing: 299 },
  { location: [ 108.306194, 15.895053 ], bearing: 299 },
  { location: [ 108.306531, 15.894857 ], bearing: 301 },
  { location: [ 108.307464, 15.894397 ], bearing: 297 },
  { location: [ 108.307494, 15.894381 ], bearing: 299 },
  { location: [ 108.309161, 15.893504 ], bearing: 299 },
  { location: [ 108.313283, 15.891366 ], bearing: 299 },
  { location: [ 108.313881, 15.89106 ], bearing: 298 },
  { location: [ 108.315433, 15.890188 ], bearing: 299 },
  { location: [ 108.315606, 15.890072 ], bearing: 305 },
  { location: [ 108.316537, 15.888776 ], bearing: 321 },
  { location: [ 108.317261, 15.888128 ], bearing: 311 },
  { location: [ 108.31799, 15.887611 ], bearing: 303 },
  { location: [ 108.318712, 15.887222 ], bearing: 299 },
  { location: [ 108.318868, 15.887149 ], bearing: 296 },
  { location: [ 108.319484, 15.886861 ], bearing: 296 },
  { location: [ 108.320803, 15.88624 ], bearing: 295 },
  { location: [ 108.321143, 15.886094 ], bearing: 294 },
  { location: [ 108.321165, 15.886086 ], bearing: 291 },
  { location: [ 108.321231, 15.886062 ], bearing: 291 },
  { location: [ 108.321644, 15.885914 ], bearing: 290 },
  { location: [ 108.322047, 15.885778 ], bearing: 288 },
  { location: [ 108.322421, 15.885665 ], bearing: 287 },
  { location: [ 108.322655, 15.885594 ], bearing: 288 },
  { location: [ 108.323363, 15.885299 ], bearing: 293 },
  { location: [ 108.323934, 15.885079 ], bearing: 292 },
  { location: [ 108.32449, 15.884864 ], bearing: 292 },
  { location: [ 108.325088, 15.884576 ], bearing: 297 },
  { location: [ 108.32565, 15.884295 ], bearing: 299 },
  { location: [ 108.326195, 15.883973 ], bearing: 302 },
  { location: [ 108.326231, 15.883958 ], bearing: 293 },
  { location: [ 108.326881, 15.883696 ], bearing: 293 },
  { location: [ 108.327067, 15.883618 ], bearing: 294 },
  { location: [ 108.327534, 15.883473 ], bearing: 288 },
  { location: [ 108.328224, 15.883272 ], bearing: 286 },
  { location: [ 108.329115, 15.883042 ], bearing: 285 },
  { location: [ 108.329735, 15.882841 ], bearing: 289 },
  { location: [ 108.329472, 15.881871 ], bearing: 15 },
  { location: [ 108.329251, 15.881321 ], bearing: 21 },
  { location: [ 108.329154, 15.88101 ], bearing: 17 },
  { location: [ 108.32878, 15.879948 ], bearing: 17 },
  { location: [ 108.328745, 15.879837 ], bearing: 17 },
  { location: [ 108.329046, 15.879838 ], bearing: 270 },
  { location: [ 108.3307, 15.879836 ], bearing: 271 },
  { location: [ 108.331125, 15.879801 ], bearing: 275 },
  { location: [ 108.332005, 15.879653 ], bearing: 280 },
  { location: [ 108.332298, 15.879611 ], bearing: 278 }
]
[2021-01-13T09:39:17.900] [INFO] data-send - [
  {
    _id: 5fcc46b1605bf41a7c0177fb,
    index: 3,
    intersectionId: 5fcc46b1605bf41a7c0177f3,
    location: {
      coordinates: [Array],
      _id: 5fcc46b1605bf41a7c0177fc,
      type: 'Point'
    },
    bearing: 298
  }
]
[2021-01-14T12:15:47.666] [INFO] data-received - [
  { location: [ 108.252453, 15.933887 ] },
  { location: [ 108.253072, 15.934174 ], bearing: 240 },
  { location: [ 108.253875, 15.934634 ], bearing: 248 },
  { location: [ 108.254455, 15.934647 ], bearing: 270 },
  { location: [ 108.254743, 15.932524 ], bearing: 340 },
  { location: [ 108.254937, 15.932038 ], bearing: 337 },
  { location: [ 108.25541, 15.93102 ], bearing: 334 },
  { location: [ 108.255889, 15.929997 ], bearing: 336 },
  { location: [ 108.256045, 15.929664 ], bearing: 336 },
  { location: [ 108.256453, 15.928904 ], bearing: 333 },
  { location: [ 108.256635, 15.928609 ], bearing: 329 },
  { location: [ 108.257613, 15.927559 ], bearing: 315 },
  { location: [ 108.259935, 15.925353 ], bearing: 315 },
  { location: [ 108.260844, 15.92425 ], bearing: 324 },
  { location: [ 108.261158, 15.923794 ], bearing: 328 },
  { location: [ 108.262075, 15.922362 ], bearing: 329 },
  { location: [ 108.262541, 15.921634 ], bearing: 328 },
  { location: [ 108.26294, 15.921011 ], bearing: 328 },
  { location: [ 108.263649, 15.919908 ], bearing: 328 },
  { location: [ 108.264285, 15.918894 ], bearing: 329 },
  { location: [ 108.265352, 15.917294 ], bearing: 323 },
  { location: [ 108.267849, 15.915654 ], bearing: 295 },
  { location: [ 108.267965, 15.915602 ], bearing: 295 },
  { location: [ 108.265419, 15.91345 ], bearing: 59 },
  { location: [ 108.26344, 15.912317 ], bearing: 59 },
  { location: [ 108.262544, 15.911809 ], bearing: 59 },
  { location: [ 108.261238, 15.911285 ], bearing: 67 },
  { location: [ 108.26116, 15.911254 ], bearing: 68 },
  { location: [ 108.260926, 15.911177 ], bearing: 71 },
  { location: [ 108.251083, 15.910372 ], bearing: 89 },
  { location: [ 108.251062, 15.910371 ], bearing: 91 },
  { location: [ 108.250002, 15.9104 ], bearing: 92 },
  { location: [ 108.249509, 15.910422 ], bearing: 93 },
  { location: [ 108.249029, 15.910443 ], bearing: 93 },
  { location: [ 108.24803, 15.910445 ], bearing: 90 },
  { location: [ 108.246423, 15.910454 ], bearing: 90 },
  { location: [ 108.244999, 15.910441 ], bearing: 89 },
  { location: [ 108.244507, 15.910463 ], bearing: 93 },
  { location: [ 108.239609, 15.910682 ], bearing: 75 },
  { location: [ 108.239509, 15.910645 ], bearing: 69 },
  { location: [ 108.238681, 15.910269 ], bearing: 65 },
  { location: [ 108.238581, 15.910233 ], bearing: 69 },
  { location: [ 108.23865, 15.910083 ], bearing: 336 },
  { location: [ 108.239192, 15.908983 ], bearing: 335 },
  { location: [ 108.239668, 15.907989 ], bearing: 335 },
  { location: [ 108.240069, 15.907203 ], bearing: 334 },
  { location: [ 108.24052, 15.906318 ], bearing: 333 },
  { location: [ 108.240792, 15.905933 ], bearing: 324 },
  { location: [ 108.241011, 15.905662 ], bearing: 322 },
  { location: [ 108.241127, 15.905521 ], bearing: 322 },
  { location: [ 108.241976, 15.904613 ], bearing: 316 },
  { location: [ 108.246805, 15.902159 ], bearing: 293 },
  { location: [ 108.248992, 15.901238 ], bearing: 294 },
  { location: [ 108.256644, 15.896402 ], bearing: 320 },
  { location: [ 108.260049, 15.889867 ], bearing: 335 },
  { location: [ 108.260264, 15.889433 ], bearing: 335 },
  { location: [ 108.262124, 15.885442 ], bearing: 336 },
  { location: [ 108.262308, 15.885062 ], bearing: 335 },
  { location: [ 108.266635, 15.876869 ], bearing: 337 },
  { location: [ 108.268394, 15.872339 ], bearing: 342 },
  { location: [ 108.268665, 15.871688 ], bearing: 336 },
  { location: [ 108.269477, 15.870098 ], bearing: 331 },
  { location: [ 108.269541, 15.869954 ], bearing: 337 },
  { location: [ 108.270968, 15.866929 ], bearing: 340 },
  { location: [ 108.275145, 15.857953 ], bearing: 336 },
  { location: [ 108.277573, 15.852918 ], bearing: 334 },
  { location: [ 108.277786, 15.852501 ], bearing: 334 },
  { location: [ 108.280334, 15.847417 ], bearing: 333 },
  { location: [ 108.280422, 15.847165 ], bearing: 341 },
  { location: [ 108.280533, 15.846847 ], bearing: 341 },
  { location: [ 108.280644, 15.846617 ], bearing: 334 },
  { location: [ 108.28078, 15.84636 ], bearing: 333 },
  { location: [ 108.281035, 15.845854 ], bearing: 334 },
  { location: [ 108.281301, 15.845146 ], bearing: 340 },
  { location: [ 108.281539, 15.844708 ], bearing: 332 },
  { location: [ 108.28206, 15.843794 ], bearing: 331 },
  { location: [ 108.282802, 15.842072 ], bearing: 336 },
  { location: [ 108.283126, 15.841377 ], bearing: 335 },
  { location: [ 108.283305, 15.841022 ], bearing: 336 },
  { location: [ 108.283341, 15.840945 ], bearing: 336 },
  { location: [ 108.283908, 15.839736 ], bearing: 337 },
  { location: [ 108.283942, 15.839669 ], bearing: 334 },
  { location: [ 108.28409, 15.839377 ], bearing: 334 },
  { location: [ 108.284626, 15.838212 ], bearing: 334 },
  { location: [ 108.285027, 15.837418 ], bearing: 334 },
  { location: [ 108.285219, 15.837015 ], bearing: 335 },
  { location: [ 108.285422, 15.836557 ], bearing: 336 },
  { location: [ 108.287061, 15.833287 ], bearing: 320 },
  { location: [ 108.287175, 15.833045 ], bearing: 336 },
  { location: [ 108.287288, 15.832735 ], bearing: 341 },
  { location: [ 108.288031, 15.832062 ], bearing: 300 },
  { location: [ 108.28848, 15.831854 ], bearing: 296 },
  { location: [ 108.289737, 15.831333 ], bearing: 294 },
  { location: [ 108.290397, 15.831061 ], bearing: 293 },
  { location: [ 108.293698, 15.829545 ], bearing: 309 },
  { location: [ 108.294619, 15.825789 ], bearing: 356 },
  { location: [ 108.294824, 15.82332 ], bearing: 357 },
  { location: [ 108.294642, 15.821393 ], bearing: 11 },
  { location: [ 108.29439, 15.819882 ], bearing: 4 },
  { location: [ 108.294519, 15.819125 ], bearing: 337 },
  ... 595 more items
]
[2021-01-14T12:15:50.330] [INFO] data-send - []
[2021-01-14T12:15:54.861] [INFO] data-received - [
  { location: [ 108.252453, 15.933887 ] },
  { location: [ 108.253072, 15.934174 ], bearing: 240 },
  { location: [ 108.253875, 15.934634 ], bearing: 248 },
  { location: [ 108.254455, 15.934647 ], bearing: 270 },
  { location: [ 108.254743, 15.932524 ], bearing: 340 },
  { location: [ 108.254937, 15.932038 ], bearing: 337 },
  { location: [ 108.25541, 15.93102 ], bearing: 334 },
  { location: [ 108.255889, 15.929997 ], bearing: 336 },
  { location: [ 108.256045, 15.929664 ], bearing: 336 },
  { location: [ 108.256453, 15.928904 ], bearing: 333 },
  { location: [ 108.256635, 15.928609 ], bearing: 329 },
  { location: [ 108.257613, 15.927559 ], bearing: 315 },
  { location: [ 108.259935, 15.925353 ], bearing: 315 },
  { location: [ 108.260844, 15.92425 ], bearing: 324 },
  { location: [ 108.261158, 15.923794 ], bearing: 328 },
  { location: [ 108.262075, 15.922362 ], bearing: 329 },
  { location: [ 108.262541, 15.921634 ], bearing: 328 },
  { location: [ 108.26294, 15.921011 ], bearing: 328 },
  { location: [ 108.263649, 15.919908 ], bearing: 328 },
  { location: [ 108.264285, 15.918894 ], bearing: 329 },
  { location: [ 108.265352, 15.917294 ], bearing: 323 },
  { location: [ 108.267849, 15.915654 ], bearing: 295 },
  { location: [ 108.267965, 15.915602 ], bearing: 295 },
  { location: [ 108.265419, 15.91345 ], bearing: 59 },
  { location: [ 108.26344, 15.912317 ], bearing: 59 },
  { location: [ 108.262544, 15.911809 ], bearing: 59 },
  { location: [ 108.261238, 15.911285 ], bearing: 67 },
  { location: [ 108.26116, 15.911254 ], bearing: 68 },
  { location: [ 108.260926, 15.911177 ], bearing: 71 },
  { location: [ 108.251083, 15.910372 ], bearing: 89 },
  { location: [ 108.251062, 15.910371 ], bearing: 91 },
  { location: [ 108.250002, 15.9104 ], bearing: 92 },
  { location: [ 108.249509, 15.910422 ], bearing: 93 },
  { location: [ 108.249029, 15.910443 ], bearing: 93 },
  { location: [ 108.24803, 15.910445 ], bearing: 90 },
  { location: [ 108.246423, 15.910454 ], bearing: 90 },
  { location: [ 108.244999, 15.910441 ], bearing: 89 },
  { location: [ 108.244507, 15.910463 ], bearing: 93 },
  { location: [ 108.239609, 15.910682 ], bearing: 75 },
  { location: [ 108.239509, 15.910645 ], bearing: 69 },
  { location: [ 108.238681, 15.910269 ], bearing: 65 },
  { location: [ 108.238581, 15.910233 ], bearing: 69 },
  { location: [ 108.23865, 15.910083 ], bearing: 336 },
  { location: [ 108.239192, 15.908983 ], bearing: 335 },
  { location: [ 108.239668, 15.907989 ], bearing: 335 },
  { location: [ 108.240069, 15.907203 ], bearing: 334 },
  { location: [ 108.24052, 15.906318 ], bearing: 333 },
  { location: [ 108.240792, 15.905933 ], bearing: 324 },
  { location: [ 108.241011, 15.905662 ], bearing: 322 },
  { location: [ 108.241127, 15.905521 ], bearing: 322 },
  { location: [ 108.241976, 15.904613 ], bearing: 316 },
  { location: [ 108.246805, 15.902159 ], bearing: 293 },
  { location: [ 108.248992, 15.901238 ], bearing: 294 },
  { location: [ 108.256644, 15.896402 ], bearing: 320 },
  { location: [ 108.260049, 15.889867 ], bearing: 335 },
  { location: [ 108.260264, 15.889433 ], bearing: 335 },
  { location: [ 108.262124, 15.885442 ], bearing: 336 },
  { location: [ 108.262308, 15.885062 ], bearing: 335 },
  { location: [ 108.266635, 15.876869 ], bearing: 337 },
  { location: [ 108.268394, 15.872339 ], bearing: 342 },
  { location: [ 108.268665, 15.871688 ], bearing: 336 },
  { location: [ 108.269477, 15.870098 ], bearing: 331 },
  { location: [ 108.269541, 15.869954 ], bearing: 337 },
  { location: [ 108.270968, 15.866929 ], bearing: 340 },
  { location: [ 108.275145, 15.857953 ], bearing: 336 },
  { location: [ 108.277573, 15.852918 ], bearing: 334 },
  { location: [ 108.277786, 15.852501 ], bearing: 334 },
  { location: [ 108.280334, 15.847417 ], bearing: 333 },
  { location: [ 108.280422, 15.847165 ], bearing: 341 },
  { location: [ 108.280533, 15.846847 ], bearing: 341 },
  { location: [ 108.280644, 15.846617 ], bearing: 334 },
  { location: [ 108.28078, 15.84636 ], bearing: 333 },
  { location: [ 108.281035, 15.845854 ], bearing: 334 },
  { location: [ 108.281301, 15.845146 ], bearing: 340 },
  { location: [ 108.281539, 15.844708 ], bearing: 332 },
  { location: [ 108.28206, 15.843794 ], bearing: 331 },
  { location: [ 108.282802, 15.842072 ], bearing: 336 },
  { location: [ 108.283126, 15.841377 ], bearing: 335 },
  { location: [ 108.283305, 15.841022 ], bearing: 336 },
  { location: [ 108.283341, 15.840945 ], bearing: 336 },
  { location: [ 108.283908, 15.839736 ], bearing: 337 },
  { location: [ 108.283942, 15.839669 ], bearing: 334 },
  { location: [ 108.28409, 15.839377 ], bearing: 334 },
  { location: [ 108.284626, 15.838212 ], bearing: 334 },
  { location: [ 108.285027, 15.837418 ], bearing: 334 },
  { location: [ 108.285219, 15.837015 ], bearing: 335 },
  { location: [ 108.285422, 15.836557 ], bearing: 336 },
  { location: [ 108.287061, 15.833287 ], bearing: 320 },
  { location: [ 108.287175, 15.833045 ], bearing: 336 },
  { location: [ 108.287288, 15.832735 ], bearing: 341 },
  { location: [ 108.288031, 15.832062 ], bearing: 300 },
  { location: [ 108.28848, 15.831854 ], bearing: 296 },
  { location: [ 108.289737, 15.831333 ], bearing: 294 },
  { location: [ 108.290397, 15.831061 ], bearing: 293 },
  { location: [ 108.293698, 15.829545 ], bearing: 309 },
  { location: [ 108.294619, 15.825789 ], bearing: 356 },
  { location: [ 108.294824, 15.82332 ], bearing: 357 },
  { location: [ 108.294642, 15.821393 ], bearing: 11 },
  { location: [ 108.29439, 15.819882 ], bearing: 4 },
  { location: [ 108.294519, 15.819125 ], bearing: 337 },
  ... 595 more items
]
[2021-01-14T12:15:56.259] [INFO] data-send - []
[2021-01-14T12:16:02.671] [INFO] data-received - [
  { location: [ 108.252453, 15.933887 ] },
  { location: [ 108.253072, 15.934174 ], bearing: 240 },
  { location: [ 108.253073, 15.934285 ], bearing: 180 },
  { location: [ 108.253073, 15.934358 ], bearing: 180 },
  { location: [ 108.253078, 15.934888 ], bearing: 181 },
  { location: [ 108.253086, 15.935649 ], bearing: 181 },
  { location: [ 108.253716, 15.935641 ], bearing: 271 },
  { location: [ 108.253997, 15.935638 ], bearing: 271 },
  { location: [ 108.254345, 15.93554 ], bearing: 291 },
  { location: [ 108.25436, 15.935516 ], bearing: 329 },
  { location: [ 108.254643, 15.935485 ], bearing: 258 },
  { location: [ 108.254667, 15.93551 ], bearing: 223 },
  { location: [ 108.254686, 15.93572 ], bearing: 180 },
  { location: [ 108.25466, 15.935749 ], bearing: 139 },
  { location: [ 108.254594, 15.935915 ], bearing: 159 },
  { location: [ 108.254664, 15.938723 ], bearing: 183 },
  { location: [ 108.254661, 15.939091 ], bearing: 180 },
  { location: [ 108.254617, 15.941015 ], bearing: 179 },
  { location: [ 108.254621, 15.941525 ], bearing: 180 },
  { location: [ 108.254623, 15.94176 ], bearing: 180 },
  { location: [ 108.254624, 15.941824 ], bearing: 181 },
  { location: [ 108.254627, 15.943723 ], bearing: 180 },
  { location: [ 108.254629, 15.944861 ], bearing: 180 },
  { location: [ 108.25463, 15.945241 ], bearing: 180 },
  { location: [ 108.254626, 15.945569 ], bearing: 179 },
  { location: [ 108.254628, 15.945627 ], bearing: 182 },
  { location: [ 108.254629, 15.945852 ], bearing: 180 },
  { location: [ 108.254635, 15.946891 ], bearing: 180 },
  { location: [ 108.254641, 15.947768 ], bearing: 180 },
  { location: [ 108.254643, 15.948123 ], bearing: 180 },
  { location: [ 108.254644, 15.9483 ], bearing: 180 },
  { location: [ 108.254646, 15.948486 ], bearing: 181 },
  { location: [ 108.254654, 15.949297 ], bearing: 181 },
  { location: [ 108.254721, 15.951116 ], bearing: 182 },
  { location: [ 108.254729, 15.951813 ], bearing: 181 },
  { location: [ 108.254683, 15.954558 ], bearing: 179 },
  { location: [ 108.25472, 15.955662 ], bearing: 184 },
  { location: [ 108.25478, 15.956078 ], bearing: 192 },
  { location: [ 108.254809, 15.956129 ], bearing: 209 },
  { location: [ 108.254798, 15.956276 ], bearing: 176 },
  { location: [ 108.254767, 15.956317 ], bearing: 144 },
  { location: [ 108.254487, 15.956309 ], bearing: 71 },
  { location: [ 108.254461, 15.956272 ], bearing: 34 },
  { location: [ 108.254164, 15.956211 ], bearing: 79 },
  { location: [ 108.253544, 15.956099 ], bearing: 79 },
  { location: [ 108.253447, 15.956086 ], bearing: 82 },
  { location: [ 108.251225, 15.955922 ], bearing: 86 },
  { location: [ 108.250614, 15.955876 ], bearing: 86 },
  { location: [ 108.2491, 15.955762 ], bearing: 86 },
  { location: [ 108.248309, 15.955702 ], bearing: 85 },
  { location: [ 108.247959, 15.955676 ], bearing: 86 },
  { location: [ 108.247089, 15.95561 ], bearing: 85 },
  { location: [ 108.246383, 15.955556 ], bearing: 85 },
  { location: [ 108.246055, 15.955531 ], bearing: 85 },
  { location: [ 108.245764, 15.955508 ], bearing: 85 },
  { location: [ 108.24513, 15.95544 ], bearing: 83 },
  { location: [ 108.243261, 15.955065 ], bearing: 74 },
  { location: [ 108.241258, 15.954495 ], bearing: 74 },
  { location: [ 108.240014, 15.954142 ], bearing: 74 },
  { location: [ 108.220602, 15.947075 ], bearing: 75 },
  { location: [ 108.220529, 15.947213 ], bearing: 153 },
  { location: [ 108.220235, 15.947795 ], bearing: 154 },
  { location: [ 108.219212, 15.949843 ], bearing: 154 },
  { location: [ 108.219119, 15.950037 ], bearing: 155 },
  { location: [ 108.219062, 15.950152 ], bearing: 155 },
  { location: [ 108.217954, 15.95242 ], bearing: 155 },
  { location: [ 108.217035, 15.95432 ], bearing: 154 },
  { location: [ 108.216888, 15.954626 ], bearing: 155 },
  { location: [ 108.216857, 15.954688 ], bearing: 154 },
  { location: [ 108.216282, 15.955885 ], bearing: 155 },
  { location: [ 108.216101, 15.956273 ], bearing: 156 },
  { location: [ 108.216028, 15.95643 ], bearing: 156 },
  { location: [ 108.215857, 15.956784 ], bearing: 155 },
  { location: [ 108.215464, 15.9576 ], bearing: 155 },
  { location: [ 108.214926, 15.958716 ], bearing: 155 },
  { location: [ 108.214807, 15.958964 ], bearing: 155 },
  { location: [ 108.214759, 15.959065 ], bearing: 155 },
  { location: [ 108.213589, 15.961529 ], bearing: 155 },
  { location: [ 108.213039, 15.962635 ], bearing: 154 },
  { location: [ 108.212361, 15.963999 ], bearing: 154 },
  { location: [ 108.212285, 15.964156 ], bearing: 155 },
  { location: [ 108.212124, 15.96449 ], bearing: 155 },
  { location: [ 108.211651, 15.965467 ], bearing: 155 },
  { location: [ 108.211488, 15.965805 ], bearing: 155 },
  { location: [ 108.211428, 15.965936 ], bearing: 156 },
  { location: [ 108.211415, 15.965963 ], bearing: 155 },
  { location: [ 108.211287, 15.966241 ], bearing: 156 },
  { location: [ 108.211241, 15.966342 ], bearing: 156 },
  { location: [ 108.211179, 15.966483 ], bearing: 157 },
  { location: [ 108.211114, 15.96662 ], bearing: 155 },
  { location: [ 108.211, 15.966576 ], bearing: 68 },
  { location: [ 108.210455, 15.966314 ], bearing: 63 },
  { location: [ 108.207377, 15.965446 ], bearing: 78 },
  { location: [ 108.203774, 15.965564 ], bearing: 92 },
  { location: [ 108.202444, 15.965615 ], bearing: 92 },
  { location: [ 108.200741, 15.965718 ], bearing: 92 },
  { location: [ 108.197597, 15.965846 ], bearing: 92 },
  { location: [ 108.195983, 15.965911 ], bearing: 92 },
  { location: [ 108.194102, 15.965995 ], bearing: 93 },
  { location: [ 108.192206, 15.966092 ], bearing: 93 },
  ... 1260 more items
]
[2021-01-14T12:16:05.284] [INFO] data-send - []
[2021-01-14T12:16:09.654] [INFO] data-received - [
  { location: [ 108.252453, 15.933887 ] },
  { location: [ 108.253072, 15.934174 ], bearing: 240 },
  { location: [ 108.253073, 15.934285 ], bearing: 180 },
  { location: [ 108.253073, 15.934358 ], bearing: 180 },
  { location: [ 108.253078, 15.934888 ], bearing: 181 },
  { location: [ 108.253086, 15.935649 ], bearing: 181 },
  { location: [ 108.253716, 15.935641 ], bearing: 271 },
  { location: [ 108.253997, 15.935638 ], bearing: 271 },
  { location: [ 108.254345, 15.93554 ], bearing: 291 },
  { location: [ 108.25436, 15.935516 ], bearing: 329 },
  { location: [ 108.254643, 15.935485 ], bearing: 258 },
  { location: [ 108.254667, 15.93551 ], bearing: 223 },
  { location: [ 108.254686, 15.93572 ], bearing: 180 },
  { location: [ 108.25466, 15.935749 ], bearing: 139 },
  { location: [ 108.254594, 15.935915 ], bearing: 159 },
  { location: [ 108.254664, 15.938723 ], bearing: 183 },
  { location: [ 108.254661, 15.939091 ], bearing: 180 },
  { location: [ 108.254617, 15.941015 ], bearing: 179 },
  { location: [ 108.254621, 15.941525 ], bearing: 180 },
  { location: [ 108.254623, 15.94176 ], bearing: 180 },
  { location: [ 108.254624, 15.941824 ], bearing: 181 },
  { location: [ 108.254627, 15.943723 ], bearing: 180 },
  { location: [ 108.254629, 15.944861 ], bearing: 180 },
  { location: [ 108.25463, 15.945241 ], bearing: 180 },
  { location: [ 108.254626, 15.945569 ], bearing: 179 },
  { location: [ 108.254628, 15.945627 ], bearing: 182 },
  { location: [ 108.254629, 15.945852 ], bearing: 180 },
  { location: [ 108.254635, 15.946891 ], bearing: 180 },
  { location: [ 108.254641, 15.947768 ], bearing: 180 },
  { location: [ 108.254643, 15.948123 ], bearing: 180 },
  { location: [ 108.254644, 15.9483 ], bearing: 180 },
  { location: [ 108.254646, 15.948486 ], bearing: 181 },
  { location: [ 108.254654, 15.949297 ], bearing: 181 },
  { location: [ 108.254721, 15.951116 ], bearing: 182 },
  { location: [ 108.254729, 15.951813 ], bearing: 181 },
  { location: [ 108.254683, 15.954558 ], bearing: 179 },
  { location: [ 108.25472, 15.955662 ], bearing: 184 },
  { location: [ 108.25478, 15.956078 ], bearing: 192 },
  { location: [ 108.254809, 15.956129 ], bearing: 209 },
  { location: [ 108.254798, 15.956276 ], bearing: 176 },
  { location: [ 108.254767, 15.956317 ], bearing: 144 },
  { location: [ 108.254487, 15.956309 ], bearing: 71 },
  { location: [ 108.254461, 15.956272 ], bearing: 34 },
  { location: [ 108.254164, 15.956211 ], bearing: 79 },
  { location: [ 108.253544, 15.956099 ], bearing: 79 },
  { location: [ 108.253447, 15.956086 ], bearing: 82 },
  { location: [ 108.251225, 15.955922 ], bearing: 86 },
  { location: [ 108.250614, 15.955876 ], bearing: 86 },
  { location: [ 108.2491, 15.955762 ], bearing: 86 },
  { location: [ 108.248309, 15.955702 ], bearing: 85 },
  { location: [ 108.247959, 15.955676 ], bearing: 86 },
  { location: [ 108.247089, 15.95561 ], bearing: 85 },
  { location: [ 108.246383, 15.955556 ], bearing: 85 },
  { location: [ 108.246055, 15.955531 ], bearing: 85 },
  { location: [ 108.245764, 15.955508 ], bearing: 85 },
  { location: [ 108.24513, 15.95544 ], bearing: 83 },
  { location: [ 108.243261, 15.955065 ], bearing: 74 },
  { location: [ 108.241258, 15.954495 ], bearing: 74 },
  { location: [ 108.240014, 15.954142 ], bearing: 74 },
  { location: [ 108.220602, 15.947075 ], bearing: 75 },
  { location: [ 108.220529, 15.947213 ], bearing: 153 },
  { location: [ 108.220235, 15.947795 ], bearing: 154 },
  { location: [ 108.219212, 15.949843 ], bearing: 154 },
  { location: [ 108.219119, 15.950037 ], bearing: 155 },
  { location: [ 108.219062, 15.950152 ], bearing: 155 },
  { location: [ 108.217954, 15.95242 ], bearing: 155 },
  { location: [ 108.217035, 15.95432 ], bearing: 154 },
  { location: [ 108.216888, 15.954626 ], bearing: 155 },
  { location: [ 108.216857, 15.954688 ], bearing: 154 },
  { location: [ 108.216282, 15.955885 ], bearing: 155 },
  { location: [ 108.216101, 15.956273 ], bearing: 156 },
  { location: [ 108.216028, 15.95643 ], bearing: 156 },
  { location: [ 108.215857, 15.956784 ], bearing: 155 },
  { location: [ 108.215464, 15.9576 ], bearing: 155 },
  { location: [ 108.214926, 15.958716 ], bearing: 155 },
  { location: [ 108.214807, 15.958964 ], bearing: 155 },
  { location: [ 108.214759, 15.959065 ], bearing: 155 },
  { location: [ 108.213589, 15.961529 ], bearing: 155 },
  { location: [ 108.213039, 15.962635 ], bearing: 154 },
  { location: [ 108.212361, 15.963999 ], bearing: 154 },
  { location: [ 108.212285, 15.964156 ], bearing: 155 },
  { location: [ 108.212124, 15.96449 ], bearing: 155 },
  { location: [ 108.211651, 15.965467 ], bearing: 155 },
  { location: [ 108.211488, 15.965805 ], bearing: 155 },
  { location: [ 108.211428, 15.965936 ], bearing: 156 },
  { location: [ 108.211415, 15.965963 ], bearing: 155 },
  { location: [ 108.211287, 15.966241 ], bearing: 156 },
  { location: [ 108.211241, 15.966342 ], bearing: 156 },
  { location: [ 108.211179, 15.966483 ], bearing: 157 },
  { location: [ 108.211114, 15.96662 ], bearing: 155 },
  { location: [ 108.211, 15.966576 ], bearing: 68 },
  { location: [ 108.210455, 15.966314 ], bearing: 63 },
  { location: [ 108.207377, 15.965446 ], bearing: 78 },
  { location: [ 108.203774, 15.965564 ], bearing: 92 },
  { location: [ 108.202444, 15.965615 ], bearing: 92 },
  { location: [ 108.200741, 15.965718 ], bearing: 92 },
  { location: [ 108.197597, 15.965846 ], bearing: 92 },
  { location: [ 108.195983, 15.965911 ], bearing: 92 },
  { location: [ 108.194102, 15.965995 ], bearing: 93 },
  { location: [ 108.192206, 15.966092 ], bearing: 93 },
  ... 1260 more items
]
[2021-01-14T12:16:12.406] [INFO] data-send - []
[2021-01-14T12:16:41.550] [INFO] data-received - [
  { location: [ 108.307934, 15.885587 ] },
  { location: [ 108.30976, 15.887355 ], bearing: 235 },
  { location: [ 108.30992, 15.887462 ], bearing: 235 },
  { location: [ 108.31003, 15.887536 ], bearing: 235 },
  { location: [ 108.31256, 15.889425 ], bearing: 228 },
  { location: [ 108.312951, 15.889789 ], bearing: 222 },
  { location: [ 108.313881, 15.89106 ], bearing: 213 },
  { location: [ 108.314817, 15.892653 ], bearing: 209 },
  { location: [ 108.315127, 15.893237 ], bearing: 207 }
]
[2021-01-14T12:16:41.597] [INFO] data-send - [
  {
    _id: 5fcc46b1605bf41a7c0177f9,
    index: 2,
    intersectionId: 5fcc46b1605bf41a7c0177f3,
    location: {
      coordinates: [Array],
      _id: 5fcc46b1605bf41a7c0177fa,
      type: 'Point'
    },
    bearing: 213
  }
]
[2021-01-14T21:39:32.538] [INFO] data-received - [
  { location: [ 108.307593, 15.885227 ] },
  { location: [ 108.30976, 15.887355 ], bearing: 235 },
  { location: [ 108.30992, 15.887462 ], bearing: 235 },
  { location: [ 108.31003, 15.887536 ], bearing: 235 },
  { location: [ 108.31256, 15.889425 ], bearing: 228 },
  { location: [ 108.312951, 15.889789 ], bearing: 222 },
  { location: [ 108.313881, 15.89106 ], bearing: 213 },
  { location: [ 108.314817, 15.892653 ], bearing: 209 },
  { location: [ 108.315985, 15.89485 ], bearing: 207 },
  { location: [ 108.316312, 15.895408 ], bearing: 209 },
  { location: [ 108.316429, 15.89558 ], bearing: 213 },
  { location: [ 108.316544, 15.895747 ], bearing: 214 },
  { location: [ 108.31721, 15.896708 ], bearing: 217 },
  { location: [ 108.317432, 15.897055 ], bearing: 212 },
  { location: [ 108.317924, 15.89778 ], bearing: 217 },
  { location: [ 108.318667, 15.898824 ], bearing: 214 }
]
[2021-01-14T21:39:33.165] [INFO] data-send - [
  {
    _id: 5fcc46b1605bf41a7c0177f9,
    index: 2,
    intersectionId: 5fcc46b1605bf41a7c0177f3,
    location: {
      coordinates: [Array],
      _id: 5fcc46b1605bf41a7c0177fa,
      type: 'Point'
    },
    bearing: 213
  }
]
[2021-01-14T21:45:12.263] [INFO] data-received - [
  { location: [ 108.309161, 15.886885 ] },
  { location: [ 108.30976, 15.887355 ], bearing: 235 },
  { location: [ 108.30992, 15.887462 ], bearing: 235 },
  { location: [ 108.31003, 15.887536 ], bearing: 235 },
  { location: [ 108.31256, 15.889425 ], bearing: 228 },
  { location: [ 108.312951, 15.889789 ], bearing: 222 },
  { location: [ 108.313881, 15.89106 ], bearing: 213 },
  { location: [ 108.314817, 15.892653 ], bearing: 209 },
  { location: [ 108.315985, 15.89485 ], bearing: 207 },
  { location: [ 108.316312, 15.895408 ], bearing: 209 },
  { location: [ 108.316429, 15.89558 ], bearing: 213 },
  { location: [ 108.316544, 15.895747 ], bearing: 214 },
  { location: [ 108.31721, 15.896708 ], bearing: 217 },
  { location: [ 108.317432, 15.897055 ], bearing: 212 }
]
[2021-01-14T21:45:12.428] [INFO] data-send - [
  {
    _id: 5fcc46b1605bf41a7c0177f9,
    index: 2,
    intersectionId: 5fcc46b1605bf41a7c0177f3,
    location: {
      coordinates: [Array],
      _id: 5fcc46b1605bf41a7c0177fa,
      type: 'Point'
    },
    bearing: 213
  }
]
[2021-01-14T21:48:47.091] [INFO] data-received - [
  { location: [ 108.309359, 15.887071 ] },
  { location: [ 108.30976, 15.887355 ], bearing: 235 },
  { location: [ 108.30992, 15.887462 ], bearing: 235 },
  { location: [ 108.31003, 15.887536 ], bearing: 235 },
  { location: [ 108.31256, 15.889425 ], bearing: 228 },
  { location: [ 108.312951, 15.889789 ], bearing: 222 },
  { location: [ 108.313881, 15.89106 ], bearing: 213 },
  { location: [ 108.314817, 15.892653 ], bearing: 209 },
  { location: [ 108.315985, 15.89485 ], bearing: 207 },
  { location: [ 108.316312, 15.895408 ], bearing: 209 },
  { location: [ 108.316429, 15.89558 ], bearing: 213 },
  { location: [ 108.316544, 15.895747 ], bearing: 214 },
  { location: [ 108.31721, 15.896708 ], bearing: 217 },
  { location: [ 108.317432, 15.897055 ], bearing: 212 },
  { location: [ 108.317924, 15.89778 ], bearing: 217 },
  { location: [ 108.318823, 15.899043 ], bearing: 214 },
  { location: [ 108.318911, 15.898987 ], bearing: 303 }
]
[2021-01-14T21:48:47.168] [INFO] data-send - [
  {
    _id: 5fcc46b1605bf41a7c0177f9,
    index: 2,
    intersectionId: 5fcc46b1605bf41a7c0177f3,
    location: {
      coordinates: [Array],
      _id: 5fcc46b1605bf41a7c0177fa,
      type: 'Point'
    },
    bearing: 213
  }
]
[2021-01-18T14:52:00.280] [INFO] data-received - [
  { location: [ 108.307698, 15.885042 ] },
  { location: [ 108.307549, 15.88518 ], bearing: 134 },
  { location: [ 108.30976, 15.887355 ], bearing: 235 },
  { location: [ 108.30992, 15.887462 ], bearing: 235 },
  { location: [ 108.31003, 15.887536 ], bearing: 235 },
  { location: [ 108.31256, 15.889425 ], bearing: 228 },
  { location: [ 108.312951, 15.889789 ], bearing: 222 },
  { location: [ 108.313881, 15.89106 ], bearing: 213 },
  { location: [ 108.314333, 15.891829 ], bearing: 209 },
  { location: [ 108.314817, 15.892653 ], bearing: 209 },
  { location: [ 108.315985, 15.89485 ], bearing: 207 },
  { location: [ 108.316312, 15.895408 ], bearing: 209 }
]
[2021-01-18T14:52:00.512] [INFO] data-send - [
  {
    _id: 5fcc46b1605bf41a7c0177f9,
    index: 2,
    intersectionId: 5fcc46b1605bf41a7c0177f3,
    location: {
      coordinates: [Array],
      _id: 5fcc46b1605bf41a7c0177fa,
      type: 'Point'
    },
    bearing: 213
  }
]
[2021-01-18T15:03:24.585] [INFO] data-received - [
  { location: [ 108.307698, 15.885042 ] },
  { location: [ 108.308258, 15.884523 ], bearing: 314 }
]
[2021-01-18T15:03:24.732] [INFO] data-send - []
[2021-01-18T15:03:26.261] [INFO] data-received - [
  { location: [ 108.307698, 15.885042 ] },
  { location: [ 108.307549, 15.88518 ], bearing: 134 },
  { location: [ 108.30976, 15.887355 ], bearing: 235 },
  { location: [ 108.30992, 15.887462 ], bearing: 235 },
  { location: [ 108.31003, 15.887536 ], bearing: 235 },
  { location: [ 108.31256, 15.889425 ], bearing: 228 },
  { location: [ 108.312951, 15.889789 ], bearing: 222 },
  { location: [ 108.313881, 15.89106 ], bearing: 213 },
  { location: [ 108.314333, 15.891829 ], bearing: 209 },
  { location: [ 108.314817, 15.892653 ], bearing: 209 },
  { location: [ 108.315815, 15.894531 ], bearing: 207 }
]
[2021-01-18T15:03:26.493] [INFO] data-send - [
  {
    _id: 5fcc46b1605bf41a7c0177f9,
    index: 2,
    intersectionId: 5fcc46b1605bf41a7c0177f3,
    location: {
      coordinates: [Array],
      _id: 5fcc46b1605bf41a7c0177fa,
      type: 'Point'
    },
    bearing: 213
  }
]
[2021-01-18T15:05:01.896] [INFO] data-received - [
  { location: [ 108.305754, 15.881682 ] },
  { location: [ 108.307549, 15.88518 ], bearing: 221 },
  { location: [ 108.30976, 15.887355 ], bearing: 235 },
  { location: [ 108.30992, 15.887462 ], bearing: 235 },
  { location: [ 108.31003, 15.887536 ], bearing: 235 },
  { location: [ 108.31256, 15.889425 ], bearing: 228 },
  { location: [ 108.312951, 15.889789 ], bearing: 222 },
  { location: [ 108.313881, 15.89106 ], bearing: 213 },
  { location: [ 108.314333, 15.891829 ], bearing: 209 },
  { location: [ 108.314817, 15.892653 ], bearing: 209 },
  { location: [ 108.315985, 15.89485 ], bearing: 207 },
  { location: [ 108.316312, 15.895408 ], bearing: 209 },
  { location: [ 108.316429, 15.89558 ], bearing: 213 },
  { location: [ 108.316544, 15.895747 ], bearing: 214 },
  { location: [ 108.316829, 15.896167 ], bearing: 213 }
]
[2021-01-18T15:05:02.594] [INFO] data-send - [
  {
    _id: 5fcc46b1605bf41a7c0177f9,
    index: 2,
    intersectionId: 5fcc46b1605bf41a7c0177f3,
    location: {
      coordinates: [Array],
      _id: 5fcc46b1605bf41a7c0177fa,
      type: 'Point'
    },
    bearing: 213
  }
]
